app/build/intermediates/manifest_merge_blame_file/debug/manifest-merger-blame-debug-report.txt
1<?xml version="1.0" encoding="utf-8"?>
2<manifest xmlns:android="http://schemas.android.com/apk/res/android"
3    package="com.example.app_crud_mysql"
4    android:versionCode="1"
5    android:versionName="1.0" >
6
7    <uses-sdk
8        android:minSdkVersion="19"
8-->src\main\AndroidManifest.xml
9        android:targetSdkVersion="30" />
9-->src\main\AndroidManifest.xml
10
11    <uses-permission android:name="android.permission.INTERNET" />
11-->src\main\AndroidManifest.xml:7:5-67
11-->src\main\AndroidManifest.xml:7:22-64
12
13    <application
13-->src\main\AndroidManifest.xml:9:5-35:19
14        android:allowBackup="true"
14-->src\main\AndroidManifest.xml:10:9-35
15        android:appComponentFactory="androidx.core.app.CoreComponentFactory"
15-->[androidx.core:core:1.3.1] AndroidManifest.xml:24:18-86
16        android:debuggable="true"
17        android:icon="@mipmap/ic_launcher"
17-->src\main\AndroidManifest.xml:11:9-43
18        android:label="@string/app_name"
18-->src\main\AndroidManifest.xml:12:9-41
19        android:requestLegacyExternalStorage="true"
19-->src\main\AndroidManifest.xml:13:9-52
20        android:roundIcon="@mipmap/ic_launcher_round"
20-->src\main\AndroidManifest.xml:14:9-54
21        android:supportsRtl="true"
21-->src\main\AndroidManifest.xml:15:9-35
22        android:theme="@style/AppTheme"
22-->src\main\AndroidManifest.xml:16:9-40
23        android:usesCleartextTraffic="true" >
23-->src\main\AndroidManifest.xml:17:9-44
24        <activity android:name="com.example.app_crud_mysql.ui.Recycleview.Recycleview_categoria" />
24-->src\main\AndroidManifest.xml:19:9-74
24-->src\main\AndroidManifest.xml:19:19-71
25        <activity android:name="com.example.app_crud_mysql.Login" >
25-->src\main\AndroidManifest.xml:20:9-26:20
25-->src\main\AndroidManifest.xml:20:19-40
26            <intent-filter>
26-->src\main\AndroidManifest.xml:21:13-25:29
27                <action android:name="android.intent.action.MAIN" />
27-->src\main\AndroidManifest.xml:22:17-69
27-->src\main\AndroidManifest.xml:22:25-66
28
29                <category android:name="android.intent.category.LAUNCHER" />
29-->src\main\AndroidManifest.xml:24:17-77
29-->src\main\AndroidManifest.xml:24:27-74
30            </intent-filter>
31        </activity>
32        <activity
32-->src\main\AndroidManifest.xml:27:9-30:59
33            android:name="com.example.app_crud_mysql.MainActivity"
33-->src\main\AndroidManifest.xml:28:13-41
34            android:label="@string/app_name"
34-->src\main\AndroidManifest.xml:29:13-45
35            android:theme="@style/AppTheme.NoActionBar" />
35-->src\main\AndroidManifest.xml:30:13-56
36
37        <uses-library
37-->src\main\AndroidManifest.xml:32:9-34:40
38            android:name="org.apache.http.legacy"
38-->src\main\AndroidManifest.xml:33:13-50
39            android:required="false" />
39-->src\main\AndroidManifest.xml:34:13-37
40
41        <provider
41-->[androidx.lifecycle:lifecycle-process:2.2.0] AndroidManifest.xml:25:9-29:43
42            android:name="androidx.lifecycle.ProcessLifecycleOwnerInitializer"
42-->[androidx.lifecycle:lifecycle-process:2.2.0] AndroidManifest.xml:26:13-79
43            android:authorities="com.example.app_crud_mysql.lifecycle-process"
43-->[androidx.lifecycle:lifecycle-process:2.2.0] AndroidManifest.xml:27:13-69
44            android:exported="false"
44-->[androidx.lifecycle:lifecycle-process:2.2.0] AndroidManifest.xml:28:13-37
45            android:multiprocess="true" />
45-->[androidx.lifecycle:lifecycle-process:2.2.0] AndroidManifest.xml:29:13-40
46    </application>
47
48</manifest>